2022.02.17 11:38:42 INFO  es[][o.e.n.Node] initializing ...
2022.02.17 11:38:42 INFO  es[][o.e.e.NodeEnvironment] using [1] data paths, mounts [[/ (/dev/nvme0n1p2)]], net usable_space [6.2gb], net total_space [9.9gb], spins? [no], types [xfs]
2022.02.17 11:38:42 INFO  es[][o.e.e.NodeEnvironment] heap size [495.3mb], compressed ordinary object pointers [true]
2022.02.17 11:38:42 INFO  es[][o.e.n.Node] node name [sonarqube], node ID [wYrdMQHLRsWQkm-kgsQjvA]
2022.02.17 11:38:42 INFO  es[][o.e.n.Node] version[5.6.3], pid[67770], build[1a2f265/2017-10-06T20:33:39.012Z], OS[Linux/4.18.0-305.el8.x86_64/amd64], JVM[Red Hat, Inc./OpenJDK 64-Bit Server VM/11.0.14/11.0.14+9-LTS]
2022.02.17 11:38:42 INFO  es[][o.e.n.Node] JVM arguments [-XX:+UseConcMarkSweepGC, -XX:CMSInitiatingOccupancyFraction=75, -XX:+UseCMSInitiatingOccupancyOnly, -XX:+AlwaysPreTouch, -Xss1m, -Djava.awt.headless=true, -Dfile.encoding=UTF-8, -Djna.nosys=true, -Djdk.io.permissionsUseCanonicalPath=true, -Dio.netty.noUnsafe=true, -Dio.netty.noKeySetOptimization=true, -Dio.netty.recycler.maxCapacityPerThread=0, -Dlog4j.shutdownHookEnabled=false, -Dlog4j2.disable.jmx=true, -Dlog4j.skipJansi=true, -Xms512m, -Xmx512m, -XX:+HeapDumpOnOutOfMemoryError, -Des.path.home=/opt/sonarqube/elasticsearch]
2022.02.17 11:38:43 INFO  es[][o.e.p.PluginsService] loaded module [aggs-matrix-stats]
2022.02.17 11:38:43 INFO  es[][o.e.p.PluginsService] loaded module [ingest-common]
2022.02.17 11:38:43 INFO  es[][o.e.p.PluginsService] loaded module [parent-join]
2022.02.17 11:38:43 INFO  es[][o.e.p.PluginsService] loaded module [percolator]
2022.02.17 11:38:43 INFO  es[][o.e.p.PluginsService] loaded module [reindex]
2022.02.17 11:38:43 INFO  es[][o.e.p.PluginsService] loaded module [transport-netty4]
2022.02.17 11:38:43 INFO  es[][o.e.p.PluginsService] no plugins loaded
2022.02.17 11:38:45 INFO  es[][o.e.d.DiscoveryModule] using discovery type [zen]
2022.02.17 11:38:45 INFO  es[][o.e.n.Node] initialized
2022.02.17 11:38:45 INFO  es[][o.e.n.Node] starting ...
2022.02.17 11:38:45 INFO  es[][o.e.t.TransportService] publish_address {127.0.0.1:9001}, bound_addresses {127.0.0.1:9001}
2022.02.17 11:38:45 WARN  es[][o.e.b.BootstrapChecks] max virtual memory areas vm.max_map_count [65530] is too low, increase to at least [262144]
2022.02.17 11:38:48 INFO  es[][o.e.c.s.ClusterService] new_master {sonarqube}{wYrdMQHLRsWQkm-kgsQjvA}{kXtNSle9SL2Q8ekvKoMzAQ}{127.0.0.1}{127.0.0.1:9001}{rack_id=sonarqube}, reason: zen-disco-elected-as-master ([0] nodes joined)
2022.02.17 11:38:48 INFO  es[][o.e.n.Node] started
2022.02.17 11:38:48 INFO  es[][o.e.g.GatewayService] recovered [0] indices into cluster_state
2022.02.17 11:38:53 INFO  es[][o.e.n.Node] stopping ...
2022.02.17 11:38:53 INFO  es[][o.e.n.Node] stopped
2022.02.17 11:38:53 INFO  es[][o.e.n.Node] closing ...
2022.02.17 11:38:53 INFO  es[][o.e.n.Node] closed
