2022.02.21 08:38:36 INFO  es[][o.e.n.Node] initializing ...
2022.02.21 08:38:36 INFO  es[][o.e.e.NodeEnvironment] using [1] data paths, mounts [[/ (/dev/nvme0n1p2)]], net usable_space [6.2gb], net total_space [9.9gb], spins? [no], types [xfs]
2022.02.21 08:38:36 INFO  es[][o.e.e.NodeEnvironment] heap size [495.3mb], compressed ordinary object pointers [true]
2022.02.21 08:38:36 INFO  es[][o.e.n.Node] node name [sonarqube], node ID [wYrdMQHLRsWQkm-kgsQjvA]
2022.02.21 08:38:36 INFO  es[][o.e.n.Node] version[5.6.3], pid[4963], build[1a2f265/2017-10-06T20:33:39.012Z], OS[Linux/4.18.0-348.12.2.el8_5.x86_64/amd64], JVM[Red Hat, Inc./OpenJDK 64-Bit Server VM/11.0.14/11.0.14+9-LTS]
2022.02.21 08:38:36 INFO  es[][o.e.n.Node] JVM arguments [-XX:+UseConcMarkSweepGC, -XX:CMSInitiatingOccupancyFraction=75, -XX:+UseCMSInitiatingOccupancyOnly, -XX:+AlwaysPreTouch, -Xss1m, -Djava.awt.headless=true, -Dfile.encoding=UTF-8, -Djna.nosys=true, -Djdk.io.permissionsUseCanonicalPath=true, -Dio.netty.noUnsafe=true, -Dio.netty.noKeySetOptimization=true, -Dio.netty.recycler.maxCapacityPerThread=0, -Dlog4j.shutdownHookEnabled=false, -Dlog4j2.disable.jmx=true, -Dlog4j.skipJansi=true, -Xms512m, -Xmx512m, -XX:+HeapDumpOnOutOfMemoryError, -Des.path.home=/opt/sonarqube/elasticsearch]
2022.02.21 08:38:37 INFO  es[][o.e.p.PluginsService] loaded module [aggs-matrix-stats]
2022.02.21 08:38:37 INFO  es[][o.e.p.PluginsService] loaded module [ingest-common]
2022.02.21 08:38:37 INFO  es[][o.e.p.PluginsService] loaded module [parent-join]
2022.02.21 08:38:37 INFO  es[][o.e.p.PluginsService] loaded module [percolator]
2022.02.21 08:38:37 INFO  es[][o.e.p.PluginsService] loaded module [reindex]
2022.02.21 08:38:37 INFO  es[][o.e.p.PluginsService] loaded module [transport-netty4]
2022.02.21 08:38:37 INFO  es[][o.e.p.PluginsService] no plugins loaded
2022.02.21 08:38:39 INFO  es[][o.e.d.DiscoveryModule] using discovery type [zen]
2022.02.21 08:38:39 INFO  es[][o.e.n.Node] initialized
2022.02.21 08:38:39 INFO  es[][o.e.n.Node] starting ...
2022.02.21 08:38:39 INFO  es[][o.e.t.TransportService] publish_address {127.0.0.1:9001}, bound_addresses {127.0.0.1:9001}
2022.02.21 08:38:39 WARN  es[][o.e.b.BootstrapChecks] max virtual memory areas vm.max_map_count [65530] is too low, increase to at least [262144]
2022.02.21 08:38:42 INFO  es[][o.e.c.s.ClusterService] new_master {sonarqube}{wYrdMQHLRsWQkm-kgsQjvA}{OaKwdCpiT2C_hRFO49mrlA}{127.0.0.1}{127.0.0.1:9001}{rack_id=sonarqube}, reason: zen-disco-elected-as-master ([0] nodes joined)
2022.02.21 08:38:42 INFO  es[][o.e.n.Node] started
2022.02.21 08:38:42 INFO  es[][o.e.g.GatewayService] recovered [0] indices into cluster_state
2022.02.21 08:38:53 INFO  es[][o.e.c.m.MetaDataCreateIndexService] [metadatas] creating index, cause [api], templates [], shards [1]/[0], mappings []
2022.02.21 08:38:53 INFO  es[][o.e.c.r.a.AllocationService] Cluster health status changed from [YELLOW] to [GREEN] (reason: [shards started [[metadatas][0]] ...]).
2022.02.21 08:38:53 INFO  es[][o.e.c.m.MetaDataMappingService] [metadatas/D-K1mmjGRjqGq__qWz0z1Q] create_mapping [metadata]
2022.02.21 08:38:53 INFO  es[][o.e.c.m.MetaDataCreateIndexService] [components] creating index, cause [api], templates [], shards [5]/[0], mappings []
2022.02.21 08:38:54 INFO  es[][o.e.c.r.a.AllocationService] Cluster health status changed from [YELLOW] to [GREEN] (reason: [shards started [[components][4]] ...]).
2022.02.21 08:38:54 INFO  es[][o.e.c.m.MetaDataMappingService] [components/1pwRhhwwT-W16qsXNUALkw] create_mapping [component]
2022.02.21 08:38:54 INFO  es[][o.e.c.m.MetaDataMappingService] [components/1pwRhhwwT-W16qsXNUALkw] create_mapping [authorization]
2022.02.21 08:38:54 INFO  es[][o.e.c.m.MetaDataCreateIndexService] [tests] creating index, cause [api], templates [], shards [5]/[0], mappings []
2022.02.21 08:38:54 INFO  es[][o.e.c.r.a.AllocationService] Cluster health status changed from [YELLOW] to [GREEN] (reason: [shards started [[tests][4]] ...]).
2022.02.21 08:38:54 INFO  es[][o.e.c.m.MetaDataMappingService] [tests/9bbxaGvpRuqcq78b2J6Vew] create_mapping [test]
2022.02.21 08:38:54 INFO  es[][o.e.c.m.MetaDataCreateIndexService] [projectmeasures] creating index, cause [api], templates [], shards [5]/[0], mappings []
2022.02.21 08:38:54 INFO  es[][o.e.c.r.a.AllocationService] Cluster health status changed from [YELLOW] to [GREEN] (reason: [shards started [[projectmeasures][4]] ...]).
2022.02.21 08:38:54 INFO  es[][o.e.c.m.MetaDataMappingService] [projectmeasures/DXH3UoT3SwqsHqx-dKu92A] create_mapping [projectmeasure]
2022.02.21 08:38:54 INFO  es[][o.e.c.m.MetaDataMappingService] [projectmeasures/DXH3UoT3SwqsHqx-dKu92A] create_mapping [authorization]
2022.02.21 08:38:54 INFO  es[][o.e.c.m.MetaDataCreateIndexService] [rules] creating index, cause [api], templates [], shards [2]/[0], mappings []
2022.02.21 08:38:54 INFO  es[][o.e.c.r.a.AllocationService] Cluster health status changed from [YELLOW] to [GREEN] (reason: [shards started [[rules][1], [rules][0]] ...]).
2022.02.21 08:38:54 INFO  es[][o.e.c.m.MetaDataMappingService] [rules/7vsdK6t2Qj-TnyjT-PHlGw] create_mapping [activeRule]
2022.02.21 08:38:54 INFO  es[][o.e.c.m.MetaDataMappingService] [rules/7vsdK6t2Qj-TnyjT-PHlGw] create_mapping [ruleExtension]
2022.02.21 08:38:54 INFO  es[][o.e.c.m.MetaDataMappingService] [rules/7vsdK6t2Qj-TnyjT-PHlGw] create_mapping [rule]
2022.02.21 08:38:55 INFO  es[][o.e.c.m.MetaDataCreateIndexService] [issues] creating index, cause [api], templates [], shards [5]/[0], mappings []
2022.02.21 08:38:55 INFO  es[][o.e.c.r.a.AllocationService] Cluster health status changed from [YELLOW] to [GREEN] (reason: [shards started [[issues][4]] ...]).
2022.02.21 08:38:55 INFO  es[][o.e.c.m.MetaDataMappingService] [issues/a7WTYVerT7SmQHO-_cDpwg] create_mapping [issue]
2022.02.21 08:38:55 INFO  es[][o.e.c.m.MetaDataMappingService] [issues/a7WTYVerT7SmQHO-_cDpwg] create_mapping [authorization]
2022.02.21 08:38:55 INFO  es[][o.e.c.m.MetaDataCreateIndexService] [users] creating index, cause [api], templates [], shards [1]/[0], mappings []
2022.02.21 08:38:55 INFO  es[][o.e.c.r.a.AllocationService] Cluster health status changed from [YELLOW] to [GREEN] (reason: [shards started [[users][0]] ...]).
2022.02.21 08:38:55 INFO  es[][o.e.c.m.MetaDataMappingService] [users/fpn2N3rcQwC__ApxMir5LA] create_mapping [user]
2022.02.21 08:38:55 INFO  es[][o.e.c.m.MetaDataCreateIndexService] [views] creating index, cause [api], templates [], shards [5]/[0], mappings []
2022.02.21 08:38:55 INFO  es[][o.e.c.r.a.AllocationService] Cluster health status changed from [YELLOW] to [GREEN] (reason: [shards started [[views][4]] ...]).
2022.02.21 08:38:55 INFO  es[][o.e.c.m.MetaDataMappingService] [views/rU5HVxIrSDa4evnVbs8psg] create_mapping [view]
2022.02.21 08:39:35 INFO  es[][o.e.c.s.IndexScopedSettings] updating [index.refresh_interval] from [30s] to [-1]
2022.02.21 08:39:35 INFO  es[][o.e.c.s.IndexScopedSettings] updating [index.refresh_interval] from [30s] to [-1]
2022.02.21 08:39:35 INFO  es[][o.e.c.s.IndexScopedSettings] updating [index.refresh_interval] from [-1] to [30s]
2022.02.21 08:39:35 INFO  es[][o.e.c.s.IndexScopedSettings] updating [index.refresh_interval] from [-1] to [30s]
2022.02.21 08:39:35 INFO  es[][o.e.c.s.IndexScopedSettings] updating [index.refresh_interval] from [30s] to [-1]
2022.02.21 08:39:35 INFO  es[][o.e.c.s.IndexScopedSettings] updating [index.refresh_interval] from [30s] to [-1]
2022.02.21 08:39:35 INFO  es[][o.e.c.s.IndexScopedSettings] updating [index.refresh_interval] from [-1] to [30s]
2022.02.21 08:39:35 INFO  es[][o.e.c.s.IndexScopedSettings] updating [index.refresh_interval] from [-1] to [30s]
2022.02.21 12:49:25 INFO  es[][o.e.n.Node] initializing ...
2022.02.21 12:49:26 INFO  es[][o.e.e.NodeEnvironment] using [1] data paths, mounts [[/ (/dev/nvme0n1p2)]], net usable_space [6gb], net total_space [9.9gb], spins? [no], types [xfs]
2022.02.21 12:49:26 INFO  es[][o.e.e.NodeEnvironment] heap size [495.3mb], compressed ordinary object pointers [true]
2022.02.21 12:49:26 INFO  es[][o.e.n.Node] node name [sonarqube], node ID [wYrdMQHLRsWQkm-kgsQjvA]
2022.02.21 12:49:26 INFO  es[][o.e.n.Node] version[5.6.3], pid[1643], build[1a2f265/2017-10-06T20:33:39.012Z], OS[Linux/4.18.0-348.12.2.el8_5.x86_64/amd64], JVM[Red Hat, Inc./OpenJDK 64-Bit Server VM/11.0.14/11.0.14+9-LTS]
2022.02.21 12:49:26 INFO  es[][o.e.n.Node] JVM arguments [-XX:+UseConcMarkSweepGC, -XX:CMSInitiatingOccupancyFraction=75, -XX:+UseCMSInitiatingOccupancyOnly, -XX:+AlwaysPreTouch, -Xss1m, -Djava.awt.headless=true, -Dfile.encoding=UTF-8, -Djna.nosys=true, -Djdk.io.permissionsUseCanonicalPath=true, -Dio.netty.noUnsafe=true, -Dio.netty.noKeySetOptimization=true, -Dio.netty.recycler.maxCapacityPerThread=0, -Dlog4j.shutdownHookEnabled=false, -Dlog4j2.disable.jmx=true, -Dlog4j.skipJansi=true, -Xms512m, -Xmx512m, -XX:+HeapDumpOnOutOfMemoryError, -Des.path.home=/opt/sonarqube/elasticsearch]
2022.02.21 12:49:27 INFO  es[][o.e.p.PluginsService] loaded module [aggs-matrix-stats]
2022.02.21 12:49:27 INFO  es[][o.e.p.PluginsService] loaded module [ingest-common]
2022.02.21 12:49:27 INFO  es[][o.e.p.PluginsService] loaded module [parent-join]
2022.02.21 12:49:27 INFO  es[][o.e.p.PluginsService] loaded module [percolator]
2022.02.21 12:49:27 INFO  es[][o.e.p.PluginsService] loaded module [reindex]
2022.02.21 12:49:27 INFO  es[][o.e.p.PluginsService] loaded module [transport-netty4]
2022.02.21 12:49:27 INFO  es[][o.e.p.PluginsService] no plugins loaded
2022.02.21 12:49:28 INFO  es[][o.e.d.DiscoveryModule] using discovery type [zen]
2022.02.21 12:49:29 INFO  es[][o.e.n.Node] initialized
2022.02.21 12:49:29 INFO  es[][o.e.n.Node] starting ...
2022.02.21 12:49:29 INFO  es[][o.e.t.TransportService] publish_address {127.0.0.1:9001}, bound_addresses {127.0.0.1:9001}
2022.02.21 12:49:29 WARN  es[][o.e.b.BootstrapChecks] max virtual memory areas vm.max_map_count [65530] is too low, increase to at least [262144]
2022.02.21 12:49:32 INFO  es[][o.e.c.s.ClusterService] new_master {sonarqube}{wYrdMQHLRsWQkm-kgsQjvA}{K6I8Qa4QRw2jihHp1fCHGw}{127.0.0.1}{127.0.0.1:9001}{rack_id=sonarqube}, reason: zen-disco-elected-as-master ([0] nodes joined)
2022.02.21 12:49:32 INFO  es[][o.e.n.Node] started
2022.02.21 12:49:33 INFO  es[][o.e.g.GatewayService] recovered [8] indices into cluster_state
2022.02.21 12:49:34 INFO  es[][o.e.c.r.a.AllocationService] Cluster health status changed from [RED] to [GREEN] (reason: [shards started [[metadatas][0]] ...]).
2022.02.21 13:21:20 INFO  es[][o.e.n.Node] stopping ...
2022.02.21 13:21:20 INFO  es[][o.e.n.Node] stopped
2022.02.21 13:21:20 INFO  es[][o.e.n.Node] closing ...
2022.02.21 13:21:20 INFO  es[][o.e.n.Node] closed
2022.02.21 13:21:37 INFO  es[][o.e.n.Node] initializing ...
2022.02.21 13:21:37 INFO  es[][o.e.e.NodeEnvironment] using [1] data paths, mounts [[/ (/dev/nvme0n1p2)]], net usable_space [6gb], net total_space [9.9gb], spins? [no], types [xfs]
2022.02.21 13:21:37 INFO  es[][o.e.e.NodeEnvironment] heap size [495.3mb], compressed ordinary object pointers [true]
2022.02.21 13:21:37 INFO  es[][o.e.n.Node] node name [sonarqube], node ID [wYrdMQHLRsWQkm-kgsQjvA]
2022.02.21 13:21:37 INFO  es[][o.e.n.Node] version[5.6.3], pid[2539], build[1a2f265/2017-10-06T20:33:39.012Z], OS[Linux/4.18.0-348.12.2.el8_5.x86_64/amd64], JVM[Red Hat, Inc./OpenJDK 64-Bit Server VM/11.0.14/11.0.14+9-LTS]
2022.02.21 13:21:37 INFO  es[][o.e.n.Node] JVM arguments [-XX:+UseConcMarkSweepGC, -XX:CMSInitiatingOccupancyFraction=75, -XX:+UseCMSInitiatingOccupancyOnly, -XX:+AlwaysPreTouch, -Xss1m, -Djava.awt.headless=true, -Dfile.encoding=UTF-8, -Djna.nosys=true, -Djdk.io.permissionsUseCanonicalPath=true, -Dio.netty.noUnsafe=true, -Dio.netty.noKeySetOptimization=true, -Dio.netty.recycler.maxCapacityPerThread=0, -Dlog4j.shutdownHookEnabled=false, -Dlog4j2.disable.jmx=true, -Dlog4j.skipJansi=true, -Xms512m, -Xmx512m, -XX:+HeapDumpOnOutOfMemoryError, -Des.path.home=/opt/sonarqube/elasticsearch]
2022.02.21 13:21:38 INFO  es[][o.e.p.PluginsService] loaded module [aggs-matrix-stats]
2022.02.21 13:21:38 INFO  es[][o.e.p.PluginsService] loaded module [ingest-common]
2022.02.21 13:21:38 INFO  es[][o.e.p.PluginsService] loaded module [parent-join]
2022.02.21 13:21:38 INFO  es[][o.e.p.PluginsService] loaded module [percolator]
2022.02.21 13:21:38 INFO  es[][o.e.p.PluginsService] loaded module [reindex]
2022.02.21 13:21:38 INFO  es[][o.e.p.PluginsService] loaded module [transport-netty4]
2022.02.21 13:21:38 INFO  es[][o.e.p.PluginsService] no plugins loaded
2022.02.21 13:21:40 INFO  es[][o.e.d.DiscoveryModule] using discovery type [zen]
2022.02.21 13:21:41 INFO  es[][o.e.n.Node] initialized
2022.02.21 13:21:41 INFO  es[][o.e.n.Node] starting ...
2022.02.21 13:21:41 INFO  es[][o.e.t.TransportService] publish_address {127.0.0.1:9001}, bound_addresses {127.0.0.1:9001}
2022.02.21 13:21:41 WARN  es[][o.e.b.BootstrapChecks] max virtual memory areas vm.max_map_count [65530] is too low, increase to at least [262144]
2022.02.21 13:21:44 INFO  es[][o.e.c.s.ClusterService] new_master {sonarqube}{wYrdMQHLRsWQkm-kgsQjvA}{bb9Ps1HrTViK2_eqlI2UMg}{127.0.0.1}{127.0.0.1:9001}{rack_id=sonarqube}, reason: zen-disco-elected-as-master ([0] nodes joined)
2022.02.21 13:21:44 INFO  es[][o.e.n.Node] started
2022.02.21 13:21:45 INFO  es[][o.e.g.GatewayService] recovered [8] indices into cluster_state
2022.02.21 13:21:46 INFO  es[][o.e.c.r.a.AllocationService] Cluster health status changed from [RED] to [GREEN] (reason: [shards started [[components][3], [components][0], [metadatas][0]] ...]).
